module.js:471
    throw err;
    ^

Error: Cannot find module '/var/www/BOLO-7.0/Code/src/server.js'
    at Function.Module._resolveFilename (module.js:469:15)
    at Function.Module._load (module.js:417:25)
    at Module.runMain (module.js:604:10)
    at run (bootstrap_node.js:394:7)
    at startup (bootstrap_node.js:149:9)
    at bootstrap_node.js:509:3
{ Error: ENOENT: no such file or directory, open '/var/www/BOLO-7.0/Code/.env'
    at Error (native)
    at Object.fs.openSync (fs.js:640:18)
    at Object.fs.readFileSync (fs.js:508:33)
    at Object.config (/var/www/BOLO-7.0/Code/node_modules/dotenv/lib/main.js:30:37)
    at Object.<anonymous> (/var/www/BOLO-7.0/Code/src/config.js:12:19)
    at Module._compile (module.js:570:32)
    at Object.Module._extensions..js (module.js:579:10)
    at Module.load (module.js:487:32)
    at tryModuleLoad (module.js:446:12)
    at Function.Module._load (module.js:438:3)
    at Module.require (module.js:497:17)
    at require (internal/module.js:20:19)
    at Object.<anonymous> (/var/www/BOLO-7.0/Code/src/app.js:28:14)
    at Module._compile (module.js:570:32)
    at Object.Module._extensions..js (module.js:579:10)
    at Module.load (module.js:487:32)
    at tryModuleLoad (module.js:446:12)
    at Function.Module._load (module.js:438:3)
    at Module.runMain (module.js:604:10)
    at run (bootstrap_node.js:394:7)
    at startup (bootstrap_node.js:149:9)
    at bootstrap_node.js:509:3
  errno: -2,
  code: 'ENOENT',
  syscall: 'open',
  path: '/var/www/BOLO-7.0/Code/.env' }
/var/www/BOLO-7.0/Code/src/services/email-service.js:10
    throw new Error(
    ^

Error: SendGrid API key not found: SENDGRID_API_KEY should be set.
    at Object.<anonymous> (/var/www/BOLO-7.0/Code/src/services/email-service.js:10:11)
    at Module._compile (module.js:570:32)
    at Object.Module._extensions..js (module.js:579:10)
    at Module.load (module.js:487:32)
    at tryModuleLoad (module.js:446:12)
    at Function.Module._load (module.js:438:3)
    at Module.require (module.js:497:17)
    at require (internal/module.js:20:19)
    at Object.<anonymous> (/var/www/BOLO-7.0/Code/src/controllers/resetPassword.js:4:20)
    at Module._compile (module.js:570:32)
    at Object.Module._extensions..js (module.js:579:10)
    at Module.load (module.js:487:32)
    at tryModuleLoad (module.js:446:12)
    at Function.Module._load (module.js:438:3)
    at Module.require (module.js:497:17)
    at require (internal/module.js:20:19)
    at Object.<anonymous> (/var/www/BOLO-7.0/Code/src/controllers/login.js:9:16)
    at Module._compile (module.js:570:32)
    at Object.Module._extensions..js (module.js:579:10)
    at Module.load (module.js:487:32)
    at tryModuleLoad (module.js:446:12)
    at Function.Module._load (module.js:438:3)
{ Error: ENOENT: no such file or directory, open '/var/www/BOLO-7.0/Code/.env'
    at Error (native)
    at Object.fs.openSync (fs.js:640:18)
    at Object.fs.readFileSync (fs.js:508:33)
    at Object.config (/var/www/BOLO-7.0/Code/node_modules/dotenv/lib/main.js:30:37)
    at Object.<anonymous> (/var/www/BOLO-7.0/Code/src/config.js:12:19)
    at Module._compile (module.js:570:32)
    at Object.Module._extensions..js (module.js:579:10)
    at Module.load (module.js:487:32)
    at tryModuleLoad (module.js:446:12)
    at Function.Module._load (module.js:438:3)
    at Module.require (module.js:497:17)
    at require (internal/module.js:20:19)
    at Object.<anonymous> (/var/www/BOLO-7.0/Code/src/app.js:28:14)
    at Module._compile (module.js:570:32)
    at Object.Module._extensions..js (module.js:579:10)
    at Module.load (module.js:487:32)
    at tryModuleLoad (module.js:446:12)
    at Function.Module._load (module.js:438:3)
    at Module.runMain (module.js:604:10)
    at run (bootstrap_node.js:394:7)
    at startup (bootstrap_node.js:149:9)
    at bootstrap_node.js:509:3
  errno: -2,
  code: 'ENOENT',
  syscall: 'open',
  path: '/var/www/BOLO-7.0/Code/.env' }
/var/www/BOLO-7.0/Code/src/services/email-service.js:10
    throw new Error(
    ^

Error: SendGrid API key not found: SENDGRID_API_KEY should be set.
    at Object.<anonymous> (/var/www/BOLO-7.0/Code/src/services/email-service.js:10:11)
    at Module._compile (module.js:570:32)
    at Object.Module._extensions..js (module.js:579:10)
    at Module.load (module.js:487:32)
    at tryModuleLoad (module.js:446:12)
    at Function.Module._load (module.js:438:3)
    at Module.require (module.js:497:17)
    at require (internal/module.js:20:19)
    at Object.<anonymous> (/var/www/BOLO-7.0/Code/src/controllers/resetPassword.js:4:20)
    at Module._compile (module.js:570:32)
    at Object.Module._extensions..js (module.js:579:10)
    at Module.load (module.js:487:32)
    at tryModuleLoad (module.js:446:12)
    at Function.Module._load (module.js:438:3)
    at Module.require (module.js:497:17)
    at require (internal/module.js:20:19)
    at Object.<anonymous> (/var/www/BOLO-7.0/Code/src/controllers/login.js:9:16)
    at Module._compile (module.js:570:32)
    at Object.Module._extensions..js (module.js:579:10)
    at Module.load (module.js:487:32)
    at tryModuleLoad (module.js:446:12)
    at Function.Module._load (module.js:438:3)
{ Error: ENOENT: no such file or directory, open '/var/www/BOLO-7.0/Code/.env'
    at Error (native)
    at Object.fs.openSync (fs.js:640:18)
    at Object.fs.readFileSync (fs.js:508:33)
    at Object.config (/var/www/BOLO-7.0/Code/node_modules/dotenv/lib/main.js:30:37)
    at Object.<anonymous> (/var/www/BOLO-7.0/Code/src/config.js:12:19)
    at Module._compile (module.js:570:32)
    at Object.Module._extensions..js (module.js:579:10)
    at Module.load (module.js:487:32)
    at tryModuleLoad (module.js:446:12)
    at Function.Module._load (module.js:438:3)
    at Module.require (module.js:497:17)
    at require (internal/module.js:20:19)
    at Object.<anonymous> (/var/www/BOLO-7.0/Code/src/app.js:28:14)
    at Module._compile (module.js:570:32)
    at Object.Module._extensions..js (module.js:579:10)
    at Module.load (module.js:487:32)
    at tryModuleLoad (module.js:446:12)
    at Function.Module._load (module.js:438:3)
    at Module.runMain (module.js:604:10)
    at run (bootstrap_node.js:394:7)
    at startup (bootstrap_node.js:149:9)
    at bootstrap_node.js:509:3
  errno: -2,
  code: 'ENOENT',
  syscall: 'open',
  path: '/var/www/BOLO-7.0/Code/.env' }
/var/www/BOLO-7.0/Code/src/services/email-service.js:10
    throw new Error(
    ^

Error: SendGrid API key not found: SENDGRID_API_KEY should be set.
    at Object.<anonymous> (/var/www/BOLO-7.0/Code/src/services/email-service.js:10:11)
    at Module._compile (module.js:570:32)
    at Object.Module._extensions..js (module.js:579:10)
    at Module.load (module.js:487:32)
    at tryModuleLoad (module.js:446:12)
    at Function.Module._load (module.js:438:3)
    at Module.require (module.js:497:17)
    at require (internal/module.js:20:19)
    at Object.<anonymous> (/var/www/BOLO-7.0/Code/src/controllers/resetPassword.js:4:20)
    at Module._compile (module.js:570:32)
    at Object.Module._extensions..js (module.js:579:10)
    at Module.load (module.js:487:32)
    at tryModuleLoad (module.js:446:12)
    at Function.Module._load (module.js:438:3)
    at Module.require (module.js:497:17)
    at require (internal/module.js:20:19)
    at Object.<anonymous> (/var/www/BOLO-7.0/Code/src/controllers/login.js:9:16)
    at Module._compile (module.js:570:32)
    at Object.Module._extensions..js (module.js:579:10)
    at Module.load (module.js:487:32)
    at tryModuleLoad (module.js:446:12)
    at Function.Module._load (module.js:438:3)
{ Error: ENOENT: no such file or directory, open '/var/www/BOLO-7.0/Code/.env'
    at Error (native)
    at Object.fs.openSync (fs.js:640:18)
    at Object.fs.readFileSync (fs.js:508:33)
    at Object.config (/var/www/BOLO-7.0/Code/node_modules/dotenv/lib/main.js:30:37)
    at Object.<anonymous> (/var/www/BOLO-7.0/Code/src/config.js:12:19)
    at Module._compile (module.js:570:32)
    at Object.Module._extensions..js (module.js:579:10)
    at Module.load (module.js:487:32)
    at tryModuleLoad (module.js:446:12)
    at Function.Module._load (module.js:438:3)
    at Module.require (module.js:497:17)
    at require (internal/module.js:20:19)
    at Object.<anonymous> (/var/www/BOLO-7.0/Code/src/app.js:28:14)
    at Module._compile (module.js:570:32)
    at Object.Module._extensions..js (module.js:579:10)
    at Module.load (module.js:487:32)
    at tryModuleLoad (module.js:446:12)
    at Function.Module._load (module.js:438:3)
    at Module.runMain (module.js:604:10)
    at run (bootstrap_node.js:394:7)
    at startup (bootstrap_node.js:149:9)
    at bootstrap_node.js:509:3
  errno: -2,
  code: 'ENOENT',
  syscall: 'open',
  path: '/var/www/BOLO-7.0/Code/.env' }
/var/www/BOLO-7.0/Code/src/services/email-service.js:10
    throw new Error(
    ^

Error: SendGrid API key not found: SENDGRID_API_KEY should be set.
    at Object.<anonymous> (/var/www/BOLO-7.0/Code/src/services/email-service.js:10:11)
    at Module._compile (module.js:570:32)
    at Object.Module._extensions..js (module.js:579:10)
    at Module.load (module.js:487:32)
    at tryModuleLoad (module.js:446:12)
    at Function.Module._load (module.js:438:3)
    at Module.require (module.js:497:17)
    at require (internal/module.js:20:19)
    at Object.<anonymous> (/var/www/BOLO-7.0/Code/src/controllers/resetPassword.js:4:20)
    at Module._compile (module.js:570:32)
    at Object.Module._extensions..js (module.js:579:10)
    at Module.load (module.js:487:32)
    at tryModuleLoad (module.js:446:12)
    at Function.Module._load (module.js:438:3)
    at Module.require (module.js:497:17)
    at require (internal/module.js:20:19)
    at Object.<anonymous> (/var/www/BOLO-7.0/Code/src/controllers/login.js:9:16)
    at Module._compile (module.js:570:32)
    at Object.Module._extensions..js (module.js:579:10)
    at Module.load (module.js:487:32)
    at tryModuleLoad (module.js:446:12)
    at Function.Module._load (module.js:438:3)
